[22:40:21] [ServerMain/INFO]: [bootstrap] Running Java 21 (OpenJDK 64-Bit Server VM 21.0.7+6-LTS; Microsoft Microsoft-11369940) on Windows 11 10.0 (amd64)
[22:40:21] [ServerMain/INFO]: [bootstrap] Loading Paper 1.21.10-105-main@1f31ee5 (2025-11-04T19:32:20Z) for Minecraft 1.21.10
[22:40:22] [ServerMain/INFO]: [PluginInitializerManager] Initializing plugins...
[22:40:22] [ServerMain/INFO]: [PluginInitializerManager] Initialized 1 plugin
[22:40:22] [ServerMain/INFO]: [PluginInitializerManager] Paper plugins (1):
 - MinecraftSoul (1.0-SNAPSHOT)
[22:40:26] [ServerMain/INFO]: Environment: Environment[sessionHost=https://sessionserver.mojang.com, servicesHost=https://api.minecraftservices.com, profilesHost=https://api.mojang.com, name=PROD]
[22:40:28] [ServerMain/INFO]: Loaded 1461 recipes
[22:40:28] [ServerMain/INFO]: Loaded 1574 advancements
[22:40:28] [ServerMain/INFO]: [ca.spottedleaf.dataconverter.minecraft.datatypes.MCTypeRegistry] Initialising converters for DataConverter...
[22:40:28] [ServerMain/INFO]: [ca.spottedleaf.dataconverter.minecraft.datatypes.MCTypeRegistry] Finished initialising converters for DataConverter in 289.9ms
[22:40:28] [Server thread/INFO]: Starting minecraft server version 1.21.10
[22:40:28] [Server thread/INFO]: Loading properties
[22:40:28] [Server thread/INFO]: This server is running Paper version 1.21.10-105-main@1f31ee5 (2025-11-04T19:32:20Z) (Implementing API version 1.21.10-R0.1-SNAPSHOT)
[22:40:28] [Server thread/INFO]: [spark] This server bundles the spark profiler. For more information please visit https://docs.papermc.io/paper/profiling
[22:40:28] [Server thread/INFO]: Server Ping Player Sample Count: 12
[22:40:28] [Server thread/INFO]: Using 4 threads for Netty based IO
[22:40:29] [Server thread/INFO]: [MoonriseCommon] Paper is using 3 worker threads, 1 I/O threads
[22:40:29] [Server thread/INFO]: Default game type: SURVIVAL
[22:40:29] [Server thread/INFO]: Generating keypair
[22:40:29] [Server thread/INFO]: Starting Minecraft server on *:25565
[22:40:29] [Server thread/INFO]: Using default channel type
[22:40:29] [Server thread/INFO]: Paper: Using Java compression from Velocity.
[22:40:29] [Server thread/INFO]: Paper: Using Java cipher from Velocity.
[22:40:29] [Server thread/INFO]: [MinecraftSoul] Loading server plugin MinecraftSoul v1.0-SNAPSHOT
[22:40:29] [Server thread/INFO]: Server permissions file permissions.yml is empty, ignoring it
[22:40:29] [Server thread/INFO]: Preparing level "world"
[22:40:30] [Server thread/INFO]: Loading 0 persistent chunks for world 'minecraft:overworld'...
[22:40:30] [Server thread/INFO]: Preparing spawn area: 100%
[22:40:30] [Server thread/INFO]: Prepared spawn area in 3 ms
[22:40:30] [Server thread/INFO]: Loading 0 persistent chunks for world 'minecraft:the_nether'...
[22:40:30] [Server thread/INFO]: Prepared spawn area in 0 ms
[22:40:30] [Server thread/INFO]: Loading 0 persistent chunks for world 'minecraft:the_end'...
[22:40:30] [Server thread/INFO]: Prepared spawn area in 1 ms
[22:40:30] [Server thread/INFO]: Done preparing level "world" (0.384s)
[22:40:30] [Server thread/INFO]: [MinecraftSoul] Enabling MinecraftSoul v1.0-SNAPSHOT
[22:40:30] [Server thread/INFO]: [spark] Starting background profiler...
[22:40:30] [Server thread/INFO]: [spark] The async-profiler engine is not supported for your os/arch (windows11/amd64), so the built-in Java engine will be used instead.
[22:40:30] [Server thread/INFO]: Running delayed init tasks
[22:40:30] [Server thread/INFO]: Done (9.620s)! For help, type "help"
[22:41:41] [User Authenticator #0/INFO]: UUID of player YeomHee is 0ce77e7f-65ed-4e50-81a3-249063f51ddf
[22:41:42] [Server thread/INFO]: [MinecraftSoul] null
[22:41:42] [Server thread/INFO]: YeomHee joined the game
[22:41:42] [Server thread/INFO]: YeomHee[/127.0.0.1:51745] logged in with entity id 74 at ([world]-67.27625813527571, 69.0, -45.941883498104104)
[22:41:52] [Server thread/INFO]: YeomHee issued server command: /kill @e[type=minecraft:mannequin]
[22:41:52] [Server thread/INFO]: [YeomHee: Killed 6 entities]
[22:42:01] [Server thread/INFO]: YeomHee issued server command: /tp 100 ~ 100
[22:42:01] [Server thread/INFO]: [YeomHee: Teleported YeomHee to 100.500000, 69.000000, 100.500000]
[22:42:13] [Server thread/INFO]: YeomHee issued server command: /time set day
[22:42:13] [Server thread/INFO]: [YeomHee: Set the time to 1000]
[22:42:15] [Server thread/INFO]: YeomHee issued server command: /kill
[22:42:15] [Server thread/ERROR]: Could not pass event PlayerDeathEvent to MinecraftSoul v1.0-SNAPSHOT
kotlin.NotImplementedError: An operation is not implemented: 플레이어 관전모드로 바꾸고 미리 만들어놓은 flesh(마네킹)에 빙의시키기
	at MinecraftSoul-1.0-SNAPSHOT-all.jar/org.yeomgun.minecraftSoul.flesh.FleshManager.onPlayerDie(FleshManager.kt:41) ~[MinecraftSoul-1.0-SNAPSHOT-all.jar:?]
	at co.aikar.timings.TimedEventExecutor.execute(TimedEventExecutor.java:80) ~[paper-api-1.21.10-R0.1-SNAPSHOT.jar:?]
	at org.bukkit.plugin.RegisteredListener.callEvent(RegisteredListener.java:71) ~[paper-api-1.21.10-R0.1-SNAPSHOT.jar:?]
	at io.papermc.paper.plugin.manager.PaperEventManager.callEvent(PaperEventManager.java:54) ~[paper-1.21.10.jar:1.21.10-105-1f31ee5]
	at io.papermc.paper.plugin.manager.PaperPluginManagerImpl.callEvent(PaperPluginManagerImpl.java:131) ~[paper-1.21.10.jar:1.21.10-105-1f31ee5]
	at org.bukkit.plugin.SimplePluginManager.callEvent(SimplePluginManager.java:628) ~[paper-api-1.21.10-R0.1-SNAPSHOT.jar:?]
	at org.bukkit.craftbukkit.event.CraftEventFactory.callPlayerDeathEvent(CraftEventFactory.java:885) ~[paper-1.21.10.jar:1.21.10-105-1f31ee5]
	at net.minecraft.server.level.ServerPlayer.die(ServerPlayer.java:1163) ~[paper-1.21.10.jar:1.21.10-105-1f31ee5]
	at net.minecraft.world.entity.LivingEntity.hurtServer(LivingEntity.java:1537) ~[paper-1.21.10.jar:1.21.10-105-1f31ee5]
	at net.minecraft.world.entity.player.Player.hurtServer(Player.java:761) ~[paper-1.21.10.jar:1.21.10-105-1f31ee5]
	at net.minecraft.server.level.ServerPlayer.hurtServer(ServerPlayer.java:1303) ~[paper-1.21.10.jar:1.21.10-105-1f31ee5]
	at net.minecraft.world.entity.LivingEntity.kill(LivingEntity.java:333) ~[paper-1.21.10.jar:1.21.10-105-1f31ee5]
	at net.minecraft.server.commands.KillCommand.kill(KillCommand.java:27) ~[paper-1.21.10.jar:1.21.10-105-1f31ee5]
	at net.minecraft.server.commands.KillCommand.lambda$register$0(KillCommand.java:17) ~[paper-1.21.10.jar:1.21.10-105-1f31ee5]
	at com.mojang.brigadier.context.ContextChain.runExecutable(ContextChain.java:73) ~[brigadier-1.3.10.jar:?]
	at net.minecraft.commands.execution.tasks.ExecuteCommand.execute(ExecuteCommand.java:30) ~[paper-1.21.10.jar:1.21.10-105-1f31ee5]
	at net.minecraft.commands.execution.tasks.ExecuteCommand.execute(ExecuteCommand.java:13) ~[paper-1.21.10.jar:1.21.10-105-1f31ee5]
	at net.minecraft.commands.execution.UnboundEntryAction.lambda$bind$0(UnboundEntryAction.java:8) ~[paper-1.21.10.jar:1.21.10-105-1f31ee5]
	at net.minecraft.commands.execution.CommandQueueEntry.execute(CommandQueueEntry.java:5) ~[paper-1.21.10.jar:1.21.10-105-1f31ee5]
	at net.minecraft.commands.execution.ExecutionContext.runCommandQueue(ExecutionContext.java:105) ~[paper-1.21.10.jar:1.21.10-105-1f31ee5]
	at net.minecraft.commands.Commands.executeCommandInContext(Commands.java:458) ~[paper-1.21.10.jar:1.21.10-105-1f31ee5]
	at net.minecraft.commands.Commands.performCommand(Commands.java:364) ~[paper-1.21.10.jar:1.21.10-105-1f31ee5]
	at net.minecraft.commands.Commands.performCommand(Commands.java:352) ~[paper-1.21.10.jar:1.21.10-105-1f31ee5]
	at net.minecraft.server.network.ServerGamePacketListenerImpl.performUnsignedChatCommand(ServerGamePacketListenerImpl.java:2321) ~[paper-1.21.10.jar:1.21.10-105-1f31ee5]
	at net.minecraft.server.network.ServerGamePacketListenerImpl.lambda$handleChatCommand$12(ServerGamePacketListenerImpl.java:2294) ~[paper-1.21.10.jar:1.21.10-105-1f31ee5]
	at net.minecraft.server.TickTask.run(TickTask.java:18) ~[paper-1.21.10.jar:1.21.10-105-1f31ee5]
	at net.minecraft.util.thread.BlockableEventLoop.doRunTask(BlockableEventLoop.java:176) ~[paper-1.21.10.jar:1.21.10-105-1f31ee5]
	at net.minecraft.util.thread.ReentrantBlockableEventLoop.doRunTask(ReentrantBlockableEventLoop.java:24) ~[paper-1.21.10.jar:1.21.10-105-1f31ee5]
	at net.minecraft.server.MinecraftServer.doRunTask(MinecraftServer.java:1537) ~[paper-1.21.10.jar:1.21.10-105-1f31ee5]
	at net.minecraft.server.MinecraftServer.doRunTask(MinecraftServer.java:180) ~[paper-1.21.10.jar:1.21.10-105-1f31ee5]
	at net.minecraft.util.thread.BlockableEventLoop.pollTask(BlockableEventLoop.java:150) ~[paper-1.21.10.jar:1.21.10-105-1f31ee5]
	at net.minecraft.server.MinecraftServer.pollTaskInternal(MinecraftServer.java:1517) ~[paper-1.21.10.jar:1.21.10-105-1f31ee5]
	at net.minecraft.server.MinecraftServer.pollTask(MinecraftServer.java:1511) ~[paper-1.21.10.jar:1.21.10-105-1f31ee5]
	at net.minecraft.server.MinecraftServer.recordTaskExecutionTimeWhileWaiting(MinecraftServer.java:1229) ~[paper-1.21.10.jar:1.21.10-105-1f31ee5]
	at net.minecraft.server.MinecraftServer.runServer(MinecraftServer.java:1352) ~[paper-1.21.10.jar:1.21.10-105-1f31ee5]
	at net.minecraft.server.MinecraftServer.lambda$spin$2(MinecraftServer.java:384) ~[paper-1.21.10.jar:1.21.10-105-1f31ee5]
	at java.base/java.lang.Thread.run(Thread.java:1583) ~[?:?]
[22:42:15] [Server thread/INFO]: YeomHee was killed
[22:42:15] [Server thread/INFO]: [YeomHee: Killed YeomHee]
[22:42:19] [Server thread/INFO]: YeomHee issued server command: /tp 100 ~ 100
[22:42:19] [Server thread/INFO]: [YeomHee: Teleported YeomHee to 100.500000, 76.000000, 100.500000]
[22:43:19] [Server thread/INFO]: YeomHee issued server command: /kill
[22:43:19] [Server thread/ERROR]: Could not pass event PlayerDeathEvent to MinecraftSoul v1.0-SNAPSHOT
kotlin.NotImplementedError: An operation is not implemented: 플레이어 관전모드로 바꾸고 미리 만들어놓은 flesh(마네킹)에 빙의시키기
	at MinecraftSoul-1.0-SNAPSHOT-all.jar/org.yeomgun.minecraftSoul.flesh.FleshManager.onPlayerDie(FleshManager.kt:41) ~[MinecraftSoul-1.0-SNAPSHOT-all.jar:?]
	at co.aikar.timings.TimedEventExecutor.execute(TimedEventExecutor.java:80) ~[paper-api-1.21.10-R0.1-SNAPSHOT.jar:?]
	at org.bukkit.plugin.RegisteredListener.callEvent(RegisteredListener.java:71) ~[paper-api-1.21.10-R0.1-SNAPSHOT.jar:?]
	at io.papermc.paper.plugin.manager.PaperEventManager.callEvent(PaperEventManager.java:54) ~[paper-1.21.10.jar:1.21.10-105-1f31ee5]
	at io.papermc.paper.plugin.manager.PaperPluginManagerImpl.callEvent(PaperPluginManagerImpl.java:131) ~[paper-1.21.10.jar:1.21.10-105-1f31ee5]
	at org.bukkit.plugin.SimplePluginManager.callEvent(SimplePluginManager.java:628) ~[paper-api-1.21.10-R0.1-SNAPSHOT.jar:?]
	at org.bukkit.craftbukkit.event.CraftEventFactory.callPlayerDeathEvent(CraftEventFactory.java:885) ~[paper-1.21.10.jar:1.21.10-105-1f31ee5]
	at net.minecraft.server.level.ServerPlayer.die(ServerPlayer.java:1163) ~[paper-1.21.10.jar:1.21.10-105-1f31ee5]
	at net.minecraft.world.entity.LivingEntity.hurtServer(LivingEntity.java:1537) ~[paper-1.21.10.jar:1.21.10-105-1f31ee5]
	at net.minecraft.world.entity.player.Player.hurtServer(Player.java:761) ~[paper-1.21.10.jar:1.21.10-105-1f31ee5]
	at net.minecraft.server.level.ServerPlayer.hurtServer(ServerPlayer.java:1303) ~[paper-1.21.10.jar:1.21.10-105-1f31ee5]
	at net.minecraft.world.entity.LivingEntity.kill(LivingEntity.java:333) ~[paper-1.21.10.jar:1.21.10-105-1f31ee5]
	at net.minecraft.server.commands.KillCommand.kill(KillCommand.java:27) ~[paper-1.21.10.jar:1.21.10-105-1f31ee5]
	at net.minecraft.server.commands.KillCommand.lambda$register$0(KillCommand.java:17) ~[paper-1.21.10.jar:1.21.10-105-1f31ee5]
	at com.mojang.brigadier.context.ContextChain.runExecutable(ContextChain.java:73) ~[brigadier-1.3.10.jar:?]
	at net.minecraft.commands.execution.tasks.ExecuteCommand.execute(ExecuteCommand.java:30) ~[paper-1.21.10.jar:1.21.10-105-1f31ee5]
	at net.minecraft.commands.execution.tasks.ExecuteCommand.execute(ExecuteCommand.java:13) ~[paper-1.21.10.jar:1.21.10-105-1f31ee5]
	at net.minecraft.commands.execution.UnboundEntryAction.lambda$bind$0(UnboundEntryAction.java:8) ~[paper-1.21.10.jar:1.21.10-105-1f31ee5]
	at net.minecraft.commands.execution.CommandQueueEntry.execute(CommandQueueEntry.java:5) ~[paper-1.21.10.jar:1.21.10-105-1f31ee5]
	at net.minecraft.commands.execution.ExecutionContext.runCommandQueue(ExecutionContext.java:105) ~[paper-1.21.10.jar:1.21.10-105-1f31ee5]
	at net.minecraft.commands.Commands.executeCommandInContext(Commands.java:458) ~[paper-1.21.10.jar:1.21.10-105-1f31ee5]
	at net.minecraft.commands.Commands.performCommand(Commands.java:364) ~[paper-1.21.10.jar:1.21.10-105-1f31ee5]
	at net.minecraft.commands.Commands.performCommand(Commands.java:352) ~[paper-1.21.10.jar:1.21.10-105-1f31ee5]
	at net.minecraft.server.network.ServerGamePacketListenerImpl.performUnsignedChatCommand(ServerGamePacketListenerImpl.java:2321) ~[paper-1.21.10.jar:1.21.10-105-1f31ee5]
	at net.minecraft.server.network.ServerGamePacketListenerImpl.lambda$handleChatCommand$12(ServerGamePacketListenerImpl.java:2294) ~[paper-1.21.10.jar:1.21.10-105-1f31ee5]
	at net.minecraft.server.TickTask.run(TickTask.java:18) ~[paper-1.21.10.jar:1.21.10-105-1f31ee5]
	at net.minecraft.util.thread.BlockableEventLoop.doRunTask(BlockableEventLoop.java:176) ~[paper-1.21.10.jar:1.21.10-105-1f31ee5]
	at net.minecraft.util.thread.ReentrantBlockableEventLoop.doRunTask(ReentrantBlockableEventLoop.java:24) ~[paper-1.21.10.jar:1.21.10-105-1f31ee5]
	at net.minecraft.server.MinecraftServer.doRunTask(MinecraftServer.java:1537) ~[paper-1.21.10.jar:1.21.10-105-1f31ee5]
	at net.minecraft.server.MinecraftServer.doRunTask(MinecraftServer.java:180) ~[paper-1.21.10.jar:1.21.10-105-1f31ee5]
	at net.minecraft.util.thread.BlockableEventLoop.pollTask(BlockableEventLoop.java:150) ~[paper-1.21.10.jar:1.21.10-105-1f31ee5]
	at net.minecraft.server.MinecraftServer.pollTaskInternal(MinecraftServer.java:1517) ~[paper-1.21.10.jar:1.21.10-105-1f31ee5]
	at net.minecraft.server.MinecraftServer.pollTask(MinecraftServer.java:1511) ~[paper-1.21.10.jar:1.21.10-105-1f31ee5]
	at net.minecraft.server.MinecraftServer.recordTaskExecutionTimeWhileWaiting(MinecraftServer.java:1229) ~[paper-1.21.10.jar:1.21.10-105-1f31ee5]
	at net.minecraft.server.MinecraftServer.runServer(MinecraftServer.java:1352) ~[paper-1.21.10.jar:1.21.10-105-1f31ee5]
	at net.minecraft.server.MinecraftServer.lambda$spin$2(MinecraftServer.java:384) ~[paper-1.21.10.jar:1.21.10-105-1f31ee5]
	at java.base/java.lang.Thread.run(Thread.java:1583) ~[?:?]
[22:43:19] [Server thread/INFO]: YeomHee was killed
[22:43:19] [Server thread/INFO]: [YeomHee: Killed YeomHee]
[22:43:22] [Server thread/INFO]: YeomHee issued server command: /kill @e[type=minecraft:mannequin]
[22:43:22] [Server thread/INFO]: [YeomHee: Killed 2 entities]
[22:43:25] [Server thread/INFO]: YeomHee issued server command: /tp 100 ~ 100
[22:43:25] [Server thread/INFO]: [YeomHee: Teleported YeomHee to 100.500000, 77.000000, 100.500000]
[22:43:32] [Server thread/INFO]: YeomHee issued server command: /kill
[22:43:32] [Server thread/ERROR]: Could not pass event PlayerDeathEvent to MinecraftSoul v1.0-SNAPSHOT
kotlin.NotImplementedError: An operation is not implemented: 플레이어 관전모드로 바꾸고 미리 만들어놓은 flesh(마네킹)에 빙의시키기
	at MinecraftSoul-1.0-SNAPSHOT-all.jar/org.yeomgun.minecraftSoul.flesh.FleshManager.onPlayerDie(FleshManager.kt:41) ~[MinecraftSoul-1.0-SNAPSHOT-all.jar:?]
	at co.aikar.timings.TimedEventExecutor.execute(TimedEventExecutor.java:80) ~[paper-api-1.21.10-R0.1-SNAPSHOT.jar:?]
	at org.bukkit.plugin.RegisteredListener.callEvent(RegisteredListener.java:71) ~[paper-api-1.21.10-R0.1-SNAPSHOT.jar:?]
	at io.papermc.paper.plugin.manager.PaperEventManager.callEvent(PaperEventManager.java:54) ~[paper-1.21.10.jar:1.21.10-105-1f31ee5]
	at io.papermc.paper.plugin.manager.PaperPluginManagerImpl.callEvent(PaperPluginManagerImpl.java:131) ~[paper-1.21.10.jar:1.21.10-105-1f31ee5]
	at org.bukkit.plugin.SimplePluginManager.callEvent(SimplePluginManager.java:628) ~[paper-api-1.21.10-R0.1-SNAPSHOT.jar:?]
	at org.bukkit.craftbukkit.event.CraftEventFactory.callPlayerDeathEvent(CraftEventFactory.java:885) ~[paper-1.21.10.jar:1.21.10-105-1f31ee5]
	at net.minecraft.server.level.ServerPlayer.die(ServerPlayer.java:1163) ~[paper-1.21.10.jar:1.21.10-105-1f31ee5]
	at net.minecraft.world.entity.LivingEntity.hurtServer(LivingEntity.java:1537) ~[paper-1.21.10.jar:1.21.10-105-1f31ee5]
	at net.minecraft.world.entity.player.Player.hurtServer(Player.java:761) ~[paper-1.21.10.jar:1.21.10-105-1f31ee5]
	at net.minecraft.server.level.ServerPlayer.hurtServer(ServerPlayer.java:1303) ~[paper-1.21.10.jar:1.21.10-105-1f31ee5]
	at net.minecraft.world.entity.LivingEntity.kill(LivingEntity.java:333) ~[paper-1.21.10.jar:1.21.10-105-1f31ee5]
	at net.minecraft.server.commands.KillCommand.kill(KillCommand.java:27) ~[paper-1.21.10.jar:1.21.10-105-1f31ee5]
	at net.minecraft.server.commands.KillCommand.lambda$register$0(KillCommand.java:17) ~[paper-1.21.10.jar:1.21.10-105-1f31ee5]
	at com.mojang.brigadier.context.ContextChain.runExecutable(ContextChain.java:73) ~[brigadier-1.3.10.jar:?]
	at net.minecraft.commands.execution.tasks.ExecuteCommand.execute(ExecuteCommand.java:30) ~[paper-1.21.10.jar:1.21.10-105-1f31ee5]
	at net.minecraft.commands.execution.tasks.ExecuteCommand.execute(ExecuteCommand.java:13) ~[paper-1.21.10.jar:1.21.10-105-1f31ee5]
	at net.minecraft.commands.execution.UnboundEntryAction.lambda$bind$0(UnboundEntryAction.java:8) ~[paper-1.21.10.jar:1.21.10-105-1f31ee5]
	at net.minecraft.commands.execution.CommandQueueEntry.execute(CommandQueueEntry.java:5) ~[paper-1.21.10.jar:1.21.10-105-1f31ee5]
	at net.minecraft.commands.execution.ExecutionContext.runCommandQueue(ExecutionContext.java:105) ~[paper-1.21.10.jar:1.21.10-105-1f31ee5]
	at net.minecraft.commands.Commands.executeCommandInContext(Commands.java:458) ~[paper-1.21.10.jar:1.21.10-105-1f31ee5]
	at net.minecraft.commands.Commands.performCommand(Commands.java:364) ~[paper-1.21.10.jar:1.21.10-105-1f31ee5]
	at net.minecraft.commands.Commands.performCommand(Commands.java:352) ~[paper-1.21.10.jar:1.21.10-105-1f31ee5]
	at net.minecraft.server.network.ServerGamePacketListenerImpl.performUnsignedChatCommand(ServerGamePacketListenerImpl.java:2321) ~[paper-1.21.10.jar:1.21.10-105-1f31ee5]
	at net.minecraft.server.network.ServerGamePacketListenerImpl.lambda$handleChatCommand$12(ServerGamePacketListenerImpl.java:2294) ~[paper-1.21.10.jar:1.21.10-105-1f31ee5]
	at net.minecraft.server.TickTask.run(TickTask.java:18) ~[paper-1.21.10.jar:1.21.10-105-1f31ee5]
	at net.minecraft.util.thread.BlockableEventLoop.doRunTask(BlockableEventLoop.java:176) ~[paper-1.21.10.jar:1.21.10-105-1f31ee5]
	at net.minecraft.util.thread.ReentrantBlockableEventLoop.doRunTask(ReentrantBlockableEventLoop.java:24) ~[paper-1.21.10.jar:1.21.10-105-1f31ee5]
	at net.minecraft.server.MinecraftServer.doRunTask(MinecraftServer.java:1537) ~[paper-1.21.10.jar:1.21.10-105-1f31ee5]
	at net.minecraft.server.MinecraftServer.doRunTask(MinecraftServer.java:180) ~[paper-1.21.10.jar:1.21.10-105-1f31ee5]
	at net.minecraft.util.thread.BlockableEventLoop.pollTask(BlockableEventLoop.java:150) ~[paper-1.21.10.jar:1.21.10-105-1f31ee5]
	at net.minecraft.server.MinecraftServer.runAllTasksAtTickStart(MinecraftServer.java:1176) ~[paper-1.21.10.jar:1.21.10-105-1f31ee5]
	at net.minecraft.server.MinecraftServer.runServer(MinecraftServer.java:1337) ~[paper-1.21.10.jar:1.21.10-105-1f31ee5]
	at net.minecraft.server.MinecraftServer.lambda$spin$2(MinecraftServer.java:384) ~[paper-1.21.10.jar:1.21.10-105-1f31ee5]
	at java.base/java.lang.Thread.run(Thread.java:1583) ~[?:?]
[22:43:32] [Server thread/INFO]: YeomHee was killed
[22:43:32] [Server thread/INFO]: [YeomHee: Killed YeomHee]
[22:43:34] [Server thread/INFO]: YeomHee issued server command: /tp 100 ~ 100
[22:43:34] [Server thread/INFO]: [YeomHee: Teleported YeomHee to 100.500000, 83.000000, 100.500000]
[22:46:33] [Server thread/INFO]: [YeomHee: Set own game mode to Creative Mode]
[22:47:53] [Server thread/INFO]: YeomHee issued server command: /tp 100 ~ 100
[22:47:53] [Server thread/INFO]: [YeomHee: Teleported YeomHee to 100.500000, 71.000000, 100.500000]
[22:48:01] [Server thread/INFO]: YeomHee issued server command: /kill
[22:48:01] [Server thread/ERROR]: Could not pass event PlayerDeathEvent to MinecraftSoul v1.0-SNAPSHOT
kotlin.NotImplementedError: An operation is not implemented: 플레이어 관전모드로 바꾸고 미리 만들어놓은 flesh(마네킹)에 빙의시키기
	at MinecraftSoul-1.0-SNAPSHOT-all.jar/org.yeomgun.minecraftSoul.flesh.FleshManager.onPlayerDie(FleshManager.kt:41) ~[MinecraftSoul-1.0-SNAPSHOT-all.jar:?]
	at co.aikar.timings.TimedEventExecutor.execute(TimedEventExecutor.java:80) ~[paper-api-1.21.10-R0.1-SNAPSHOT.jar:?]
	at org.bukkit.plugin.RegisteredListener.callEvent(RegisteredListener.java:71) ~[paper-api-1.21.10-R0.1-SNAPSHOT.jar:?]
	at io.papermc.paper.plugin.manager.PaperEventManager.callEvent(PaperEventManager.java:54) ~[paper-1.21.10.jar:1.21.10-105-1f31ee5]
	at io.papermc.paper.plugin.manager.PaperPluginManagerImpl.callEvent(PaperPluginManagerImpl.java:131) ~[paper-1.21.10.jar:1.21.10-105-1f31ee5]
	at org.bukkit.plugin.SimplePluginManager.callEvent(SimplePluginManager.java:628) ~[paper-api-1.21.10-R0.1-SNAPSHOT.jar:?]
	at org.bukkit.craftbukkit.event.CraftEventFactory.callPlayerDeathEvent(CraftEventFactory.java:885) ~[paper-1.21.10.jar:1.21.10-105-1f31ee5]
	at net.minecraft.server.level.ServerPlayer.die(ServerPlayer.java:1163) ~[paper-1.21.10.jar:1.21.10-105-1f31ee5]
	at net.minecraft.world.entity.LivingEntity.hurtServer(LivingEntity.java:1537) ~[paper-1.21.10.jar:1.21.10-105-1f31ee5]
	at net.minecraft.world.entity.player.Player.hurtServer(Player.java:761) ~[paper-1.21.10.jar:1.21.10-105-1f31ee5]
	at net.minecraft.server.level.ServerPlayer.hurtServer(ServerPlayer.java:1303) ~[paper-1.21.10.jar:1.21.10-105-1f31ee5]
	at net.minecraft.world.entity.LivingEntity.kill(LivingEntity.java:333) ~[paper-1.21.10.jar:1.21.10-105-1f31ee5]
	at net.minecraft.server.commands.KillCommand.kill(KillCommand.java:27) ~[paper-1.21.10.jar:1.21.10-105-1f31ee5]
	at net.minecraft.server.commands.KillCommand.lambda$register$0(KillCommand.java:17) ~[paper-1.21.10.jar:1.21.10-105-1f31ee5]
	at com.mojang.brigadier.context.ContextChain.runExecutable(ContextChain.java:73) ~[brigadier-1.3.10.jar:?]
	at net.minecraft.commands.execution.tasks.ExecuteCommand.execute(ExecuteCommand.java:30) ~[paper-1.21.10.jar:1.21.10-105-1f31ee5]
	at net.minecraft.commands.execution.tasks.ExecuteCommand.execute(ExecuteCommand.java:13) ~[paper-1.21.10.jar:1.21.10-105-1f31ee5]
	at net.minecraft.commands.execution.UnboundEntryAction.lambda$bind$0(UnboundEntryAction.java:8) ~[paper-1.21.10.jar:1.21.10-105-1f31ee5]
	at net.minecraft.commands.execution.CommandQueueEntry.execute(CommandQueueEntry.java:5) ~[paper-1.21.10.jar:1.21.10-105-1f31ee5]
	at net.minecraft.commands.execution.ExecutionContext.runCommandQueue(ExecutionContext.java:105) ~[paper-1.21.10.jar:1.21.10-105-1f31ee5]
	at net.minecraft.commands.Commands.executeCommandInContext(Commands.java:458) ~[paper-1.21.10.jar:1.21.10-105-1f31ee5]
	at net.minecraft.commands.Commands.performCommand(Commands.java:364) ~[paper-1.21.10.jar:1.21.10-105-1f31ee5]
	at net.minecraft.commands.Commands.performCommand(Commands.java:352) ~[paper-1.21.10.jar:1.21.10-105-1f31ee5]
	at net.minecraft.server.network.ServerGamePacketListenerImpl.performUnsignedChatCommand(ServerGamePacketListenerImpl.java:2321) ~[paper-1.21.10.jar:1.21.10-105-1f31ee5]
	at net.minecraft.server.network.ServerGamePacketListenerImpl.lambda$handleChatCommand$12(ServerGamePacketListenerImpl.java:2294) ~[paper-1.21.10.jar:1.21.10-105-1f31ee5]
	at net.minecraft.server.TickTask.run(TickTask.java:18) ~[paper-1.21.10.jar:1.21.10-105-1f31ee5]
	at net.minecraft.util.thread.BlockableEventLoop.doRunTask(BlockableEventLoop.java:176) ~[paper-1.21.10.jar:1.21.10-105-1f31ee5]
	at net.minecraft.util.thread.ReentrantBlockableEventLoop.doRunTask(ReentrantBlockableEventLoop.java:24) ~[paper-1.21.10.jar:1.21.10-105-1f31ee5]
	at net.minecraft.server.MinecraftServer.doRunTask(MinecraftServer.java:1537) ~[paper-1.21.10.jar:1.21.10-105-1f31ee5]
	at net.minecraft.server.MinecraftServer.doRunTask(MinecraftServer.java:180) ~[paper-1.21.10.jar:1.21.10-105-1f31ee5]
	at net.minecraft.util.thread.BlockableEventLoop.pollTask(BlockableEventLoop.java:150) ~[paper-1.21.10.jar:1.21.10-105-1f31ee5]
	at net.minecraft.server.MinecraftServer.pollTaskInternal(MinecraftServer.java:1517) ~[paper-1.21.10.jar:1.21.10-105-1f31ee5]
	at net.minecraft.server.MinecraftServer.pollTask(MinecraftServer.java:1511) ~[paper-1.21.10.jar:1.21.10-105-1f31ee5]
	at net.minecraft.server.MinecraftServer.recordTaskExecutionTimeWhileWaiting(MinecraftServer.java:1229) ~[paper-1.21.10.jar:1.21.10-105-1f31ee5]
	at net.minecraft.server.MinecraftServer.runServer(MinecraftServer.java:1352) ~[paper-1.21.10.jar:1.21.10-105-1f31ee5]
	at net.minecraft.server.MinecraftServer.lambda$spin$2(MinecraftServer.java:384) ~[paper-1.21.10.jar:1.21.10-105-1f31ee5]
	at java.base/java.lang.Thread.run(Thread.java:1583) ~[?:?]
[22:48:01] [Server thread/INFO]: YeomHee was killed
[22:48:01] [Server thread/INFO]: [YeomHee: Killed YeomHee]
[22:48:03] [Server thread/INFO]: YeomHee issued server command: /tp 100 ~ 100
[22:48:03] [Server thread/INFO]: [YeomHee: Teleported YeomHee to 100.500000, 77.000000, 100.500000]
[22:49:00] [Server thread/INFO]: YeomHee issued server command: /kill
[22:49:00] [Server thread/ERROR]: Could not pass event PlayerDeathEvent to MinecraftSoul v1.0-SNAPSHOT
kotlin.NotImplementedError: An operation is not implemented: 플레이어 관전모드로 바꾸고 미리 만들어놓은 flesh(마네킹)에 빙의시키기
	at MinecraftSoul-1.0-SNAPSHOT-all.jar/org.yeomgun.minecraftSoul.flesh.FleshManager.onPlayerDie(FleshManager.kt:41) ~[MinecraftSoul-1.0-SNAPSHOT-all.jar:?]
	at co.aikar.timings.TimedEventExecutor.execute(TimedEventExecutor.java:80) ~[paper-api-1.21.10-R0.1-SNAPSHOT.jar:?]
	at org.bukkit.plugin.RegisteredListener.callEvent(RegisteredListener.java:71) ~[paper-api-1.21.10-R0.1-SNAPSHOT.jar:?]
	at io.papermc.paper.plugin.manager.PaperEventManager.callEvent(PaperEventManager.java:54) ~[paper-1.21.10.jar:1.21.10-105-1f31ee5]
	at io.papermc.paper.plugin.manager.PaperPluginManagerImpl.callEvent(PaperPluginManagerImpl.java:131) ~[paper-1.21.10.jar:1.21.10-105-1f31ee5]
	at org.bukkit.plugin.SimplePluginManager.callEvent(SimplePluginManager.java:628) ~[paper-api-1.21.10-R0.1-SNAPSHOT.jar:?]
	at org.bukkit.craftbukkit.event.CraftEventFactory.callPlayerDeathEvent(CraftEventFactory.java:885) ~[paper-1.21.10.jar:1.21.10-105-1f31ee5]
	at net.minecraft.server.level.ServerPlayer.die(ServerPlayer.java:1163) ~[paper-1.21.10.jar:1.21.10-105-1f31ee5]
	at net.minecraft.world.entity.LivingEntity.hurtServer(LivingEntity.java:1537) ~[paper-1.21.10.jar:1.21.10-105-1f31ee5]
	at net.minecraft.world.entity.player.Player.hurtServer(Player.java:761) ~[paper-1.21.10.jar:1.21.10-105-1f31ee5]
	at net.minecraft.server.level.ServerPlayer.hurtServer(ServerPlayer.java:1303) ~[paper-1.21.10.jar:1.21.10-105-1f31ee5]
	at net.minecraft.world.entity.LivingEntity.kill(LivingEntity.java:333) ~[paper-1.21.10.jar:1.21.10-105-1f31ee5]
	at net.minecraft.server.commands.KillCommand.kill(KillCommand.java:27) ~[paper-1.21.10.jar:1.21.10-105-1f31ee5]
	at net.minecraft.server.commands.KillCommand.lambda$register$0(KillCommand.java:17) ~[paper-1.21.10.jar:1.21.10-105-1f31ee5]
	at com.mojang.brigadier.context.ContextChain.runExecutable(ContextChain.java:73) ~[brigadier-1.3.10.jar:?]
	at net.minecraft.commands.execution.tasks.ExecuteCommand.execute(ExecuteCommand.java:30) ~[paper-1.21.10.jar:1.21.10-105-1f31ee5]
	at net.minecraft.commands.execution.tasks.ExecuteCommand.execute(ExecuteCommand.java:13) ~[paper-1.21.10.jar:1.21.10-105-1f31ee5]
	at net.minecraft.commands.execution.UnboundEntryAction.lambda$bind$0(UnboundEntryAction.java:8) ~[paper-1.21.10.jar:1.21.10-105-1f31ee5]
	at net.minecraft.commands.execution.CommandQueueEntry.execute(CommandQueueEntry.java:5) ~[paper-1.21.10.jar:1.21.10-105-1f31ee5]
	at net.minecraft.commands.execution.ExecutionContext.runCommandQueue(ExecutionContext.java:105) ~[paper-1.21.10.jar:1.21.10-105-1f31ee5]
	at net.minecraft.commands.Commands.executeCommandInContext(Commands.java:458) ~[paper-1.21.10.jar:1.21.10-105-1f31ee5]
	at net.minecraft.commands.Commands.performCommand(Commands.java:364) ~[paper-1.21.10.jar:1.21.10-105-1f31ee5]
	at net.minecraft.commands.Commands.performCommand(Commands.java:352) ~[paper-1.21.10.jar:1.21.10-105-1f31ee5]
	at net.minecraft.server.network.ServerGamePacketListenerImpl.performUnsignedChatCommand(ServerGamePacketListenerImpl.java:2321) ~[paper-1.21.10.jar:1.21.10-105-1f31ee5]
	at net.minecraft.server.network.ServerGamePacketListenerImpl.lambda$handleChatCommand$12(ServerGamePacketListenerImpl.java:2294) ~[paper-1.21.10.jar:1.21.10-105-1f31ee5]
	at net.minecraft.server.TickTask.run(TickTask.java:18) ~[paper-1.21.10.jar:1.21.10-105-1f31ee5]
	at net.minecraft.util.thread.BlockableEventLoop.doRunTask(BlockableEventLoop.java:176) ~[paper-1.21.10.jar:1.21.10-105-1f31ee5]
	at net.minecraft.util.thread.ReentrantBlockableEventLoop.doRunTask(ReentrantBlockableEventLoop.java:24) ~[paper-1.21.10.jar:1.21.10-105-1f31ee5]
	at net.minecraft.server.MinecraftServer.doRunTask(MinecraftServer.java:1537) ~[paper-1.21.10.jar:1.21.10-105-1f31ee5]
	at net.minecraft.server.MinecraftServer.doRunTask(MinecraftServer.java:180) ~[paper-1.21.10.jar:1.21.10-105-1f31ee5]
	at net.minecraft.util.thread.BlockableEventLoop.pollTask(BlockableEventLoop.java:150) ~[paper-1.21.10.jar:1.21.10-105-1f31ee5]
	at net.minecraft.server.MinecraftServer.pollTaskInternal(MinecraftServer.java:1517) ~[paper-1.21.10.jar:1.21.10-105-1f31ee5]
	at net.minecraft.server.MinecraftServer.pollTask(MinecraftServer.java:1511) ~[paper-1.21.10.jar:1.21.10-105-1f31ee5]
	at net.minecraft.server.MinecraftServer.recordTaskExecutionTimeWhileWaiting(MinecraftServer.java:1229) ~[paper-1.21.10.jar:1.21.10-105-1f31ee5]
	at net.minecraft.server.MinecraftServer.runServer(MinecraftServer.java:1352) ~[paper-1.21.10.jar:1.21.10-105-1f31ee5]
	at net.minecraft.server.MinecraftServer.lambda$spin$2(MinecraftServer.java:384) ~[paper-1.21.10.jar:1.21.10-105-1f31ee5]
	at java.base/java.lang.Thread.run(Thread.java:1583) ~[?:?]
[22:49:00] [Server thread/INFO]: YeomHee was killed
[22:49:00] [Server thread/INFO]: [YeomHee: Killed YeomHee]
[22:49:02] [Server thread/INFO]: YeomHee issued server command: /tp 100 ~ 100
[22:49:02] [Server thread/INFO]: [YeomHee: Teleported YeomHee to 100.500000, 74.000000, 100.500000]
[22:51:28] [User Authenticator #1/INFO]: UUID of player joseph0123 is dae04f90-f9ad-4424-ade4-81018464c9f4
[22:51:28] [Server thread/INFO]: [MinecraftSoul] null
[22:51:28] [Server thread/INFO]: joseph0123 joined the game
[22:51:28] [Server thread/INFO]: joseph0123[/26.152.214.161:64804] logged in with entity id 2164 at ([world]-3.5, 77.0, 11.5)
[22:51:33] [Server thread/INFO]: YeomHee issued server command: /tp joseph0123 YeomHee
[22:51:33] [Server thread/INFO]: [YeomHee: Teleported joseph0123 to YeomHee]
[22:52:07] [Server thread/INFO]: joseph0123 lost connection: Disconnected
[22:52:07] [Server thread/INFO]: joseph0123 left the game
[22:52:15] [Server thread/WARN]: [MinecraftSoul] player's flesh doesn't exist
[22:52:41] [User Authenticator #2/INFO]: UUID of player joseph0123 is dae04f90-f9ad-4424-ade4-81018464c9f4
[22:52:42] [Server thread/INFO]: [MinecraftSoul] null
[22:52:42] [Server thread/INFO]: joseph0123 joined the game
[22:52:42] [Server thread/INFO]: joseph0123[/26.152.214.161:58578] logged in with entity id 2338 at ([world]98.8750282160471, 70.0, 97.89182177622251)
[22:52:49] [Async Chat Thread - #3/INFO]: <YeomHee> 옘병
[22:52:55] [Async Chat Thread - #3/INFO]: <YeomHee> 이게 왜 안됨?
[22:52:56] [Async Chat Thread - #3/INFO]: <YeomHee> 아!
[22:52:58] [Async Chat Thread - #3/INFO]: <YeomHee> 맞다!\
[22:53:12] [Server thread/INFO]: YeomHee issued server command: /kill @e
[22:53:12] [Server thread/ERROR]: Could not pass event PlayerDeathEvent to MinecraftSoul v1.0-SNAPSHOT
kotlin.NotImplementedError: An operation is not implemented: 플레이어 관전모드로 바꾸고 미리 만들어놓은 flesh(마네킹)에 빙의시키기
	at MinecraftSoul-1.0-SNAPSHOT-all.jar/org.yeomgun.minecraftSoul.flesh.FleshManager.onPlayerDie(FleshManager.kt:41) ~[MinecraftSoul-1.0-SNAPSHOT-all.jar:?]
	at co.aikar.timings.TimedEventExecutor.execute(TimedEventExecutor.java:80) ~[paper-api-1.21.10-R0.1-SNAPSHOT.jar:?]
	at org.bukkit.plugin.RegisteredListener.callEvent(RegisteredListener.java:71) ~[paper-api-1.21.10-R0.1-SNAPSHOT.jar:?]
	at io.papermc.paper.plugin.manager.PaperEventManager.callEvent(PaperEventManager.java:54) ~[paper-1.21.10.jar:1.21.10-105-1f31ee5]
	at io.papermc.paper.plugin.manager.PaperPluginManagerImpl.callEvent(PaperPluginManagerImpl.java:131) ~[paper-1.21.10.jar:1.21.10-105-1f31ee5]
	at org.bukkit.plugin.SimplePluginManager.callEvent(SimplePluginManager.java:628) ~[paper-api-1.21.10-R0.1-SNAPSHOT.jar:?]
	at org.bukkit.craftbukkit.event.CraftEventFactory.callPlayerDeathEvent(CraftEventFactory.java:885) ~[paper-1.21.10.jar:1.21.10-105-1f31ee5]
	at net.minecraft.server.level.ServerPlayer.die(ServerPlayer.java:1163) ~[paper-1.21.10.jar:1.21.10-105-1f31ee5]
	at net.minecraft.world.entity.LivingEntity.hurtServer(LivingEntity.java:1537) ~[paper-1.21.10.jar:1.21.10-105-1f31ee5]
	at net.minecraft.world.entity.player.Player.hurtServer(Player.java:761) ~[paper-1.21.10.jar:1.21.10-105-1f31ee5]
	at net.minecraft.server.level.ServerPlayer.hurtServer(ServerPlayer.java:1303) ~[paper-1.21.10.jar:1.21.10-105-1f31ee5]
	at net.minecraft.world.entity.LivingEntity.kill(LivingEntity.java:333) ~[paper-1.21.10.jar:1.21.10-105-1f31ee5]
	at net.minecraft.server.commands.KillCommand.kill(KillCommand.java:27) ~[paper-1.21.10.jar:1.21.10-105-1f31ee5]
	at net.minecraft.server.commands.KillCommand.lambda$register$1(KillCommand.java:20) ~[paper-1.21.10.jar:1.21.10-105-1f31ee5]
	at com.mojang.brigadier.context.ContextChain.runExecutable(ContextChain.java:73) ~[brigadier-1.3.10.jar:?]
	at net.minecraft.commands.execution.tasks.ExecuteCommand.execute(ExecuteCommand.java:30) ~[paper-1.21.10.jar:1.21.10-105-1f31ee5]
	at net.minecraft.commands.execution.tasks.ExecuteCommand.execute(ExecuteCommand.java:13) ~[paper-1.21.10.jar:1.21.10-105-1f31ee5]
	at net.minecraft.commands.execution.UnboundEntryAction.lambda$bind$0(UnboundEntryAction.java:8) ~[paper-1.21.10.jar:1.21.10-105-1f31ee5]
	at net.minecraft.commands.execution.CommandQueueEntry.execute(CommandQueueEntry.java:5) ~[paper-1.21.10.jar:1.21.10-105-1f31ee5]
	at net.minecraft.commands.execution.ExecutionContext.runCommandQueue(ExecutionContext.java:105) ~[paper-1.21.10.jar:1.21.10-105-1f31ee5]
	at net.minecraft.commands.Commands.executeCommandInContext(Commands.java:458) ~[paper-1.21.10.jar:1.21.10-105-1f31ee5]
	at net.minecraft.commands.Commands.performCommand(Commands.java:364) ~[paper-1.21.10.jar:1.21.10-105-1f31ee5]
	at net.minecraft.commands.Commands.performCommand(Commands.java:352) ~[paper-1.21.10.jar:1.21.10-105-1f31ee5]
	at net.minecraft.server.network.ServerGamePacketListenerImpl.performUnsignedChatCommand(ServerGamePacketListenerImpl.java:2321) ~[paper-1.21.10.jar:1.21.10-105-1f31ee5]
	at net.minecraft.server.network.ServerGamePacketListenerImpl.lambda$handleChatCommand$12(ServerGamePacketListenerImpl.java:2294) ~[paper-1.21.10.jar:1.21.10-105-1f31ee5]
	at net.minecraft.server.TickTask.run(TickTask.java:18) ~[paper-1.21.10.jar:1.21.10-105-1f31ee5]
	at net.minecraft.util.thread.BlockableEventLoop.doRunTask(BlockableEventLoop.java:176) ~[paper-1.21.10.jar:1.21.10-105-1f31ee5]
	at net.minecraft.util.thread.ReentrantBlockableEventLoop.doRunTask(ReentrantBlockableEventLoop.java:24) ~[paper-1.21.10.jar:1.21.10-105-1f31ee5]
	at net.minecraft.server.MinecraftServer.doRunTask(MinecraftServer.java:1537) ~[paper-1.21.10.jar:1.21.10-105-1f31ee5]
	at net.minecraft.server.MinecraftServer.doRunTask(MinecraftServer.java:180) ~[paper-1.21.10.jar:1.21.10-105-1f31ee5]
	at net.minecraft.util.thread.BlockableEventLoop.pollTask(BlockableEventLoop.java:150) ~[paper-1.21.10.jar:1.21.10-105-1f31ee5]
	at net.minecraft.server.MinecraftServer.pollTaskInternal(MinecraftServer.java:1517) ~[paper-1.21.10.jar:1.21.10-105-1f31ee5]
	at net.minecraft.server.MinecraftServer.pollTask(MinecraftServer.java:1511) ~[paper-1.21.10.jar:1.21.10-105-1f31ee5]
	at net.minecraft.server.MinecraftServer.recordTaskExecutionTimeWhileWaiting(MinecraftServer.java:1229) ~[paper-1.21.10.jar:1.21.10-105-1f31ee5]
	at net.minecraft.server.MinecraftServer.runServer(MinecraftServer.java:1352) ~[paper-1.21.10.jar:1.21.10-105-1f31ee5]
	at net.minecraft.server.MinecraftServer.lambda$spin$2(MinecraftServer.java:384) ~[paper-1.21.10.jar:1.21.10-105-1f31ee5]
	at java.base/java.lang.Thread.run(Thread.java:1583) ~[?:?]
[22:53:12] [Server thread/INFO]: YeomHee was killed
[22:53:12] [Server thread/INFO]: Villager Villager['Villager'/296, uuid='cfc61ea2-fa28-453a-a556-2f5acd902e4e', l='ServerLevel[world]', x=228.30, y=86.00, z=237.70, cpos=[14, 14], tl=13376, v=true] died, message: 'Villager was killed'
[22:53:12] [Server thread/INFO]: Villager Villager['Nitwit'/251, uuid='5e92451e-26ad-4a0a-b516-0f8a12149e89', l='ServerLevel[world]', x=213.95, y=73.00, z=186.52, cpos=[13, 11], tl=13398, v=true] died, message: 'Nitwit was killed'
[22:53:12] [Server thread/INFO]: Villager Villager['Villager'/341, uuid='2862a862-0161-465b-9023-347898ecdce9', l='ServerLevel[world]', x=148.50, y=89.00, z=228.50, cpos=[9, 14], tl=13372, v=true] died, message: 'Villager was killed'
[22:53:12] [Server thread/INFO]: Villager Villager['Villager'/316, uuid='8a6c1354-878f-46e0-a2e2-5d0ff23646f8', l='ServerLevel[world]', x=174.70, y=93.00, z=223.50, cpos=[10, 13], tl=13376, v=true] died, message: 'Villager was killed'
[22:53:12] [Server thread/INFO]: Villager Villager['Villager'/367, uuid='7f8ef9bb-8cdc-4546-952f-776b10217816', l='ServerLevel[world]', x=216.50, y=88.00, z=233.50, cpos=[13, 14], tl=13365, v=true] died, message: 'Villager was killed'
[22:53:12] [Server thread/INFO]: Villager Villager['Weaponsmith'/340, uuid='a7e085bf-3e88-4d43-9b06-b6f0d0d47c10', l='ServerLevel[world]', x=212.50, y=88.88, z=216.50, cpos=[13, 13], tl=13372, v=true] died, message: 'Weaponsmith was killed'
[22:53:12] [Server thread/ERROR]: Could not pass event PlayerDeathEvent to MinecraftSoul v1.0-SNAPSHOT
kotlin.NotImplementedError: An operation is not implemented: 플레이어 관전모드로 바꾸고 미리 만들어놓은 flesh(마네킹)에 빙의시키기
	at MinecraftSoul-1.0-SNAPSHOT-all.jar/org.yeomgun.minecraftSoul.flesh.FleshManager.onPlayerDie(FleshManager.kt:41) ~[MinecraftSoul-1.0-SNAPSHOT-all.jar:?]
	at co.aikar.timings.TimedEventExecutor.execute(TimedEventExecutor.java:80) ~[paper-api-1.21.10-R0.1-SNAPSHOT.jar:?]
	at org.bukkit.plugin.RegisteredListener.callEvent(RegisteredListener.java:71) ~[paper-api-1.21.10-R0.1-SNAPSHOT.jar:?]
	at io.papermc.paper.plugin.manager.PaperEventManager.callEvent(PaperEventManager.java:54) ~[paper-1.21.10.jar:1.21.10-105-1f31ee5]
	at io.papermc.paper.plugin.manager.PaperPluginManagerImpl.callEvent(PaperPluginManagerImpl.java:131) ~[paper-1.21.10.jar:1.21.10-105-1f31ee5]
	at org.bukkit.plugin.SimplePluginManager.callEvent(SimplePluginManager.java:628) ~[paper-api-1.21.10-R0.1-SNAPSHOT.jar:?]
	at org.bukkit.craftbukkit.event.CraftEventFactory.callPlayerDeathEvent(CraftEventFactory.java:885) ~[paper-1.21.10.jar:1.21.10-105-1f31ee5]
	at net.minecraft.server.level.ServerPlayer.die(ServerPlayer.java:1163) ~[paper-1.21.10.jar:1.21.10-105-1f31ee5]
	at net.minecraft.world.entity.LivingEntity.hurtServer(LivingEntity.java:1537) ~[paper-1.21.10.jar:1.21.10-105-1f31ee5]
	at net.minecraft.world.entity.player.Player.hurtServer(Player.java:761) ~[paper-1.21.10.jar:1.21.10-105-1f31ee5]
	at net.minecraft.server.level.ServerPlayer.hurtServer(ServerPlayer.java:1303) ~[paper-1.21.10.jar:1.21.10-105-1f31ee5]
	at net.minecraft.world.entity.LivingEntity.kill(LivingEntity.java:333) ~[paper-1.21.10.jar:1.21.10-105-1f31ee5]
	at net.minecraft.server.commands.KillCommand.kill(KillCommand.java:27) ~[paper-1.21.10.jar:1.21.10-105-1f31ee5]
	at net.minecraft.server.commands.KillCommand.lambda$register$1(KillCommand.java:20) ~[paper-1.21.10.jar:1.21.10-105-1f31ee5]
	at com.mojang.brigadier.context.ContextChain.runExecutable(ContextChain.java:73) ~[brigadier-1.3.10.jar:?]
	at net.minecraft.commands.execution.tasks.ExecuteCommand.execute(ExecuteCommand.java:30) ~[paper-1.21.10.jar:1.21.10-105-1f31ee5]
	at net.minecraft.commands.execution.tasks.ExecuteCommand.execute(ExecuteCommand.java:13) ~[paper-1.21.10.jar:1.21.10-105-1f31ee5]
	at net.minecraft.commands.execution.UnboundEntryAction.lambda$bind$0(UnboundEntryAction.java:8) ~[paper-1.21.10.jar:1.21.10-105-1f31ee5]
	at net.minecraft.commands.execution.CommandQueueEntry.execute(CommandQueueEntry.java:5) ~[paper-1.21.10.jar:1.21.10-105-1f31ee5]
	at net.minecraft.commands.execution.ExecutionContext.runCommandQueue(ExecutionContext.java:105) ~[paper-1.21.10.jar:1.21.10-105-1f31ee5]
	at net.minecraft.commands.Commands.executeCommandInContext(Commands.java:458) ~[paper-1.21.10.jar:1.21.10-105-1f31ee5]
	at net.minecraft.commands.Commands.performCommand(Commands.java:364) ~[paper-1.21.10.jar:1.21.10-105-1f31ee5]
	at net.minecraft.commands.Commands.performCommand(Commands.java:352) ~[paper-1.21.10.jar:1.21.10-105-1f31ee5]
	at net.minecraft.server.network.ServerGamePacketListenerImpl.performUnsignedChatCommand(ServerGamePacketListenerImpl.java:2321) ~[paper-1.21.10.jar:1.21.10-105-1f31ee5]
	at net.minecraft.server.network.ServerGamePacketListenerImpl.lambda$handleChatCommand$12(ServerGamePacketListenerImpl.java:2294) ~[paper-1.21.10.jar:1.21.10-105-1f31ee5]
	at net.minecraft.server.TickTask.run(TickTask.java:18) ~[paper-1.21.10.jar:1.21.10-105-1f31ee5]
	at net.minecraft.util.thread.BlockableEventLoop.doRunTask(BlockableEventLoop.java:176) ~[paper-1.21.10.jar:1.21.10-105-1f31ee5]
	at net.minecraft.util.thread.ReentrantBlockableEventLoop.doRunTask(ReentrantBlockableEventLoop.java:24) ~[paper-1.21.10.jar:1.21.10-105-1f31ee5]
	at net.minecraft.server.MinecraftServer.doRunTask(MinecraftServer.java:1537) ~[paper-1.21.10.jar:1.21.10-105-1f31ee5]
	at net.minecraft.server.MinecraftServer.doRunTask(MinecraftServer.java:180) ~[paper-1.21.10.jar:1.21.10-105-1f31ee5]
	at net.minecraft.util.thread.BlockableEventLoop.pollTask(BlockableEventLoop.java:150) ~[paper-1.21.10.jar:1.21.10-105-1f31ee5]
	at net.minecraft.server.MinecraftServer.pollTaskInternal(MinecraftServer.java:1517) ~[paper-1.21.10.jar:1.21.10-105-1f31ee5]
	at net.minecraft.server.MinecraftServer.pollTask(MinecraftServer.java:1511) ~[paper-1.21.10.jar:1.21.10-105-1f31ee5]
	at net.minecraft.server.MinecraftServer.recordTaskExecutionTimeWhileWaiting(MinecraftServer.java:1229) ~[paper-1.21.10.jar:1.21.10-105-1f31ee5]
	at net.minecraft.server.MinecraftServer.runServer(MinecraftServer.java:1352) ~[paper-1.21.10.jar:1.21.10-105-1f31ee5]
	at net.minecraft.server.MinecraftServer.lambda$spin$2(MinecraftServer.java:384) ~[paper-1.21.10.jar:1.21.10-105-1f31ee5]
	at java.base/java.lang.Thread.run(Thread.java:1583) ~[?:?]
[22:53:12] [Server thread/INFO]: joseph0123 was killed
[22:53:12] [Server thread/INFO]: Villager Villager['Villager'/317, uuid='01b84301-4949-4b6e-ac89-66e3d89b844c', l='ServerLevel[world]', x=174.30, y=93.00, z=222.50, cpos=[10, 13], tl=13376, v=true] died, message: 'Villager was killed'
[22:53:12] [Server thread/INFO]: Villager Villager['Villager'/297, uuid='353e20af-15b9-4009-b560-7442070ef838', l='ServerLevel[world]', x=211.85, y=88.00, z=227.15, cpos=[13, 14], tl=13376, v=true] died, message: 'Villager was killed'
[22:53:12] [Server thread/INFO]: Villager Villager['Villager'/357, uuid='17498b53-66ce-4cc7-b1bc-b34dda780e0b', l='ServerLevel[world]', x=214.31, y=88.00, z=215.48, cpos=[13, 13], tl=13368, v=true] died, message: 'Villager was killed'
[22:53:12] [Server thread/INFO]: Villager Villager['Weaponsmith'/355, uuid='e60c85da-bda8-4ea9-b558-4c44f05e6aaa', l='ServerLevel[world]', x=199.50, y=90.00, z=243.50, cpos=[12, 15], tl=13370, v=true] died, message: 'Weaponsmith was killed'
[22:53:12] [Server thread/INFO]: Villager Villager['Villager'/336, uuid='b994bb9a-063f-4cbf-9620-426af2b14d4b', l='ServerLevel[world]', x=199.50, y=90.88, z=250.50, cpos=[12, 15], tl=13372, v=true] died, message: 'Villager was killed'
[22:53:12] [Server thread/INFO]: [YeomHee: Killed 222 entities]
[22:53:16] [Server thread/INFO]: YeomHee lost connection: Disconnected
[22:53:16] [Server thread/INFO]: YeomHee left the game
[22:53:19] [Server thread/WARN]: [MinecraftSoul] player's flesh doesn't exist
[22:53:20] [Server thread/INFO]: joseph0123 lost connection: Disconnected
[22:53:20] [Server thread/INFO]: joseph0123 left the game
[22:53:32] [Server thread/WARN]: [MinecraftSoul] player's flesh doesn't exist
[22:54:20] [Server thread/INFO]: Stopping the server
[22:54:20] [Server thread/INFO]: Stopping server
[22:54:20] [Server thread/INFO]: [MinecraftSoul] Disabling MinecraftSoul v1.0-SNAPSHOT
[22:54:20] [Server thread/INFO]: Saving players
[22:54:21] [Server thread/INFO]: Saving worlds
[22:54:21] [Server thread/INFO]: Saving chunks for level 'ServerLevel[world]'/minecraft:overworld
[22:54:21] [Server thread/INFO]: [ChunkHolderManager] Waiting 60s for chunk system to halt for world 'world'
[22:54:21] [Server thread/INFO]: [ChunkHolderManager] Halted chunk system for world 'world'
[22:54:21] [Server thread/INFO]: [ChunkHolderManager] Saving all chunkholders for world 'world'
[22:54:21] [Server thread/INFO]: [ChunkHolderManager] Saved 0 block chunks, 0 entity chunks, 0 poi chunks in world 'world' in 0.01s
[22:54:21] [Server thread/INFO]: [ChunkHolderManager] Waiting 60s for chunk I/O to halt for world 'world'
[22:54:21] [Server thread/INFO]: [ChunkHolderManager] Halted I/O scheduler for world 'world'
[22:54:21] [Server thread/INFO]: Saving chunks for level 'ServerLevel[world_nether]'/minecraft:the_nether
[22:54:21] [Server thread/INFO]: [ChunkHolderManager] Waiting 60s for chunk system to halt for world 'world_nether'
[22:54:21] [Server thread/INFO]: [ChunkHolderManager] Halted chunk system for world 'world_nether'
[22:54:21] [Server thread/INFO]: [ChunkHolderManager] Saving all chunkholders for world 'world_nether'
[22:54:21] [Server thread/INFO]: [ChunkHolderManager] Saved 0 block chunks, 0 entity chunks, 0 poi chunks in world 'world_nether' in 0.00s
[22:54:21] [Server thread/INFO]: [ChunkHolderManager] Waiting 60s for chunk I/O to halt for world 'world_nether'
[22:54:21] [Server thread/INFO]: [ChunkHolderManager] Halted I/O scheduler for world 'world_nether'
[22:54:21] [Server thread/INFO]: Saving chunks for level 'ServerLevel[world_the_end]'/minecraft:the_end
[22:54:21] [Server thread/INFO]: [ChunkHolderManager] Waiting 60s for chunk system to halt for world 'world_the_end'
[22:54:21] [Server thread/INFO]: [ChunkHolderManager] Halted chunk system for world 'world_the_end'
[22:54:21] [Server thread/INFO]: [ChunkHolderManager] Saving all chunkholders for world 'world_the_end'
[22:54:21] [Server thread/INFO]: [ChunkHolderManager] Saved 0 block chunks, 0 entity chunks, 0 poi chunks in world 'world_the_end' in 0.00s
[22:54:21] [Server thread/INFO]: [ChunkHolderManager] Waiting 60s for chunk I/O to halt for world 'world_the_end'
[22:54:21] [Server thread/INFO]: [ChunkHolderManager] Halted I/O scheduler for world 'world_the_end'
[22:54:21] [Server thread/INFO]: ThreadedAnvilChunkStorage (world): All chunks are saved
[22:54:21] [Server thread/INFO]: ThreadedAnvilChunkStorage (DIM-1): All chunks are saved
[22:54:21] [Server thread/INFO]: ThreadedAnvilChunkStorage (DIM1): All chunks are saved
[22:54:21] [Server thread/INFO]: ThreadedAnvilChunkStorage: All dimensions are saved
[22:54:21] [Server thread/INFO]: Waiting for all RegionFile I/O tasks to complete...
[22:54:21] [Server thread/INFO]: All RegionFile I/O tasks to complete
[22:54:21] [Server thread/INFO]: [MoonriseCommon] Awaiting termination of worker pool for up to 60s...
[22:54:21] [Server thread/INFO]: [MoonriseCommon] Awaiting termination of I/O pool for up to 60s...
